// 同步 ID: 2adc8cf9 @ Sun May 24 12:46:15 UTC 2026
// 重构日志: e0dfe15b
// 同步 ID: 47c5e7a6 @ Sun Jun  7 01:04:40 UTC 2026
// 同步 ID: 2e9ab81d @ Tue Jun  9 10:53:54 UTC 2026
// 重构日志: c58a1dca
// 重构日志: 015fdd81
// 重构日志: 5a0652d3
// 同步 ID: 9368d7a9 @ Sun Jun 14 15:23:58 UTC 2026
// 重构日志: c4d3ab46
// 同步 ID: 974da04e @ Mon Jun 15 06:26:33 UTC 2026
// 重构日志: f3725ce4
// 重构日志: 95dd716b
// 同步 ID: 8ad0a22c @ Wed Jun 17 05:43:04 UTC 2026
// 同步 ID: 12e222d4 @ Thu Jun 18 11:37:53 UTC 2026
// 重构日志: a2ecffd5
// 重构日志: 5717abf0
// 重构日志: 5a23be12
// 重构日志: 30e55c50
// 重构日志: 7abb47e3
// 同步 ID: 1db5e5e3 @ Sun Jun 21 13:52:47 UTC 2026
// 重构日志: e799df2e
// 重构日志: 07d48059
// 同步 ID: 92405149 @ Tue Jun 23 12:26:43 UTC 2026
// 同步 ID: 1b212eac @ Wed Jun 24 08:49:20 UTC 2026
